2025-10-08 18:37:17,742 - INFO - InvGuard Backup Cron Service starting...
2025-10-08 18:37:17,743 - INFO - InvGuard Backup Service initialized
2025-10-08 18:37:17,743 - INFO - Starting InvGuard Backup Scheduler...
2025-10-08 18:37:17,753 - ERROR - Backend API health check error: HTTPConnectionPool(host='backend', port=5000): Max retries exceeded with url: /api/health (Caused by NewConnectionError('<urllib3.connection.HTTPConnection object at 0x797cb8360510>: Failed to establish a new connection: [Errno 111] Connection refused'))
2025-10-08 18:37:17,753 - INFO - Scheduler started. Jobs scheduled:
2025-10-08 18:37:17,754 - INFO - - Daily backup: 02:00
2025-10-08 18:37:17,754 - INFO - - Hourly health check: Every hour
2025-10-08 18:37:17,754 - INFO - - Weekly maintenance: Sunday 03:00
2025-10-08 18:37:22,797 - INFO - InvGuard Backup Cron Service starting...
2025-10-08 18:37:22,797 - INFO - InvGuard Backup Service initialized
2025-10-08 18:37:22,797 - INFO - Running health check...
2025-10-08 18:37:22,807 - INFO - Backend API health check passed
2025-10-08 18:42:23,260 - INFO - InvGuard Backup Cron Service starting...
2025-10-08 18:42:23,261 - INFO - InvGuard Backup Service initialized
2025-10-08 18:42:23,262 - INFO - Running health check...
2025-10-08 18:42:23,269 - INFO - Backend API health check passed
2025-10-08 18:47:24,234 - INFO - InvGuard Backup Cron Service starting...
2025-10-08 18:47:24,235 - INFO - InvGuard Backup Service initialized
2025-10-08 18:47:24,235 - INFO - Running health check...
2025-10-08 18:47:24,250 - INFO - Backend API health check passed
2025-10-08 18:52:24,883 - INFO - InvGuard Backup Cron Service starting...
2025-10-08 18:52:24,884 - INFO - InvGuard Backup Service initialized
2025-10-08 18:52:24,885 - INFO - Running health check...
2025-10-08 18:52:24,898 - INFO - Backend API health check passed
2025-10-08 18:57:25,563 - INFO - InvGuard Backup Cron Service starting...
2025-10-08 18:57:25,565 - INFO - InvGuard Backup Service initialized
2025-10-08 18:57:25,565 - INFO - Running health check...
2025-10-08 18:57:25,577 - INFO - Backend API health check passed
2025-10-08 19:02:26,284 - INFO - InvGuard Backup Cron Service starting...
2025-10-08 19:02:26,285 - INFO - InvGuard Backup Service initialized
2025-10-08 19:02:26,286 - INFO - Running health check...
2025-10-08 19:02:26,299 - INFO - Backend API health check passed
2025-10-08 19:07:26,837 - INFO - InvGuard Backup Cron Service starting...
2025-10-08 19:07:26,838 - INFO - InvGuard Backup Service initialized
2025-10-08 19:07:26,839 - INFO - Running health check...
2025-10-08 19:07:26,847 - INFO - Backend API health check passed
2025-10-08 19:12:27,208 - INFO - InvGuard Backup Cron Service starting...
2025-10-08 19:12:27,209 - INFO - InvGuard Backup Service initialized
2025-10-08 19:12:27,209 - INFO - Running health check...
2025-10-08 19:12:27,217 - INFO - Backend API health check passed
2025-10-08 19:17:27,553 - INFO - InvGuard Backup Cron Service starting...
2025-10-08 19:17:27,554 - INFO - InvGuard Backup Service initialized
2025-10-08 19:17:27,554 - INFO - Running health check...
2025-10-08 19:17:27,560 - INFO - Backend API health check passed
2025-10-08 19:22:28,055 - INFO - InvGuard Backup Cron Service starting...
2025-10-08 19:22:28,055 - INFO - InvGuard Backup Service initialized
2025-10-08 19:22:28,056 - INFO - Running health check...
2025-10-08 19:22:28,064 - INFO - Backend API health check passed
2025-10-08 19:27:28,382 - INFO - InvGuard Backup Cron Service starting...
2025-10-08 19:27:28,382 - INFO - InvGuard Backup Service initialized
2025-10-08 19:27:28,383 - INFO - Running health check...
2025-10-08 19:27:28,389 - INFO - Backend API health check passed
2025-10-19 09:52:19,954 - INFO - InvGuard Backup Cron Service starting...
2025-10-19 09:52:19,955 - INFO - InvGuard Backup Service initialized
2025-10-19 09:52:19,955 - INFO - Starting InvGuard Backup Scheduler...
2025-10-19 09:52:19,962 - ERROR - Backend API health check error: HTTPConnectionPool(host='backend', port=5000): Max retries exceeded with url: /api/health (Caused by NewConnectionError('<urllib3.connection.HTTPConnection object at 0x725be91d8950>: Failed to establish a new connection: [Errno 111] Connection refused'))
2025-10-19 09:52:19,963 - INFO - Scheduler started. Jobs scheduled:
2025-10-19 09:52:19,963 - INFO - - Daily backup: 02:00
2025-10-19 09:52:19,964 - INFO - - Hourly health check: Every hour
2025-10-19 09:52:19,964 - INFO - - Weekly maintenance: Sunday 03:00
2025-10-19 09:52:24,986 - INFO - InvGuard Backup Cron Service starting...
2025-10-19 09:52:24,986 - INFO - InvGuard Backup Service initialized
2025-10-19 09:52:24,987 - INFO - Running health check...
2025-10-19 09:52:28,982 - ERROR - Backend API health check error: HTTPConnectionPool(host='backend', port=5000): Max retries exceeded with url: /api/health (Caused by NameResolutionError("<urllib3.connection.HTTPConnection object at 0x782a2771a010>: Failed to resolve 'backend' ([Errno -2] Name or service not known)"))
2025-10-19 09:52:34,633 - INFO - InvGuard Backup Cron Service starting...
2025-10-19 09:52:34,634 - INFO - InvGuard Backup Service initialized
2025-10-19 09:52:34,634 - INFO - Running health check...
2025-10-19 09:52:38,623 - ERROR - Backend API health check error: HTTPConnectionPool(host='backend', port=5000): Max retries exceeded with url: /api/health (Caused by NameResolutionError("<urllib3.connection.HTTPConnection object at 0x79650e340dd0>: Failed to resolve 'backend' ([Errno -2] Name or service not known)"))
2025-10-19 09:52:44,059 - INFO - InvGuard Backup Cron Service starting...
2025-10-19 09:52:44,059 - INFO - InvGuard Backup Service initialized
2025-10-19 09:52:44,060 - INFO - Running health check...
2025-10-19 09:52:48,036 - ERROR - Backend API health check error: HTTPConnectionPool(host='backend', port=5000): Max retries exceeded with url: /api/health (Caused by NameResolutionError("<urllib3.connection.HTTPConnection object at 0x7d1ae6484b50>: Failed to resolve 'backend' ([Errno -2] Name or service not known)"))
2025-10-19 09:52:53,503 - INFO - InvGuard Backup Cron Service starting...
2025-10-19 09:52:53,504 - INFO - InvGuard Backup Service initialized
2025-10-19 09:52:53,504 - INFO - Running health check...
2025-10-19 09:52:57,512 - ERROR - Backend API health check error: HTTPConnectionPool(host='backend', port=5000): Max retries exceeded with url: /api/health (Caused by NameResolutionError("<urllib3.connection.HTTPConnection object at 0x7745b49be010>: Failed to resolve 'backend' ([Errno -5] No address associated with hostname)"))
2025-10-19 09:57:58,016 - INFO - InvGuard Backup Cron Service starting...
2025-10-19 09:57:58,017 - INFO - InvGuard Backup Service initialized
2025-10-19 09:57:58,018 - INFO - Running health check...
2025-10-19 09:58:01,986 - ERROR - Backend API health check error: HTTPConnectionPool(host='backend', port=5000): Max retries exceeded with url: /api/health (Caused by NameResolutionError("<urllib3.connection.HTTPConnection object at 0x76378d562010>: Failed to resolve 'backend' ([Errno -2] Name or service not known)"))
2025-10-19 09:59:11,052 - INFO - InvGuard Backup Cron Service starting...
2025-10-19 09:59:11,053 - INFO - InvGuard Backup Service initialized
2025-10-19 09:59:11,053 - INFO - Starting InvGuard Backup Scheduler...
2025-10-19 09:59:11,060 - ERROR - Backend API health check error: HTTPConnectionPool(host='backend', port=5000): Max retries exceeded with url: /api/health (Caused by NewConnectionError('<urllib3.connection.HTTPConnection object at 0x705cf98fa5d0>: Failed to establish a new connection: [Errno 111] Connection refused'))
2025-10-19 09:59:11,060 - INFO - Scheduler started. Jobs scheduled:
2025-10-19 09:59:11,060 - INFO - - Daily backup: 02:00
2025-10-19 09:59:11,061 - INFO - - Hourly health check: Every hour
2025-10-19 09:59:11,061 - INFO - - Weekly maintenance: Sunday 03:00
2025-10-19 09:59:16,138 - INFO - InvGuard Backup Cron Service starting...
2025-10-19 09:59:16,139 - INFO - InvGuard Backup Service initialized
2025-10-19 09:59:16,140 - INFO - Running health check...
2025-10-19 09:59:20,134 - ERROR - Backend API health check error: HTTPConnectionPool(host='backend', port=5000): Max retries exceeded with url: /api/health (Caused by NameResolutionError("<urllib3.connection.HTTPConnection object at 0x76a810d6e010>: Failed to resolve 'backend' ([Errno -2] Name or service not known)"))
2025-10-19 09:59:25,630 - INFO - InvGuard Backup Cron Service starting...
2025-10-19 09:59:25,631 - INFO - InvGuard Backup Service initialized
2025-10-19 09:59:25,631 - INFO - Running health check...
2025-10-19 09:59:29,608 - ERROR - Backend API health check error: HTTPConnectionPool(host='backend', port=5000): Max retries exceeded with url: /api/health (Caused by NameResolutionError("<urllib3.connection.HTTPConnection object at 0x7d8a2d795050>: Failed to resolve 'backend' ([Errno -2] Name or service not known)"))
2025-10-19 09:59:35,075 - INFO - InvGuard Backup Cron Service starting...
2025-10-19 09:59:35,077 - INFO - InvGuard Backup Service initialized
2025-10-19 09:59:35,077 - INFO - Running health check...
2025-10-19 09:59:39,051 - ERROR - Backend API health check error: HTTPConnectionPool(host='backend', port=5000): Max retries exceeded with url: /api/health (Caused by NameResolutionError("<urllib3.connection.HTTPConnection object at 0x745fd6718dd0>: Failed to resolve 'backend' ([Errno -2] Name or service not known)"))
2025-10-19 09:59:44,516 - INFO - InvGuard Backup Cron Service starting...
2025-10-19 09:59:44,516 - INFO - InvGuard Backup Service initialized
2025-10-19 09:59:44,517 - INFO - Running health check...
2025-10-19 09:59:48,496 - ERROR - Backend API health check error: HTTPConnectionPool(host='backend', port=5000): Max retries exceeded with url: /api/health (Caused by NameResolutionError("<urllib3.connection.HTTPConnection object at 0x75ed2b86d050>: Failed to resolve 'backend' ([Errno -2] Name or service not known)"))
2025-10-19 10:00:25,100 - INFO - InvGuard Backup Cron Service starting...
2025-10-19 10:00:25,101 - INFO - InvGuard Backup Service initialized
2025-10-19 10:00:25,101 - INFO - Starting InvGuard Backup Scheduler...
2025-10-19 10:00:25,108 - ERROR - Backend API health check error: HTTPConnectionPool(host='backend', port=5000): Max retries exceeded with url: /api/health (Caused by NewConnectionError('<urllib3.connection.HTTPConnection object at 0x75241457c610>: Failed to establish a new connection: [Errno 111] Connection refused'))
2025-10-19 10:00:25,109 - INFO - Scheduler started. Jobs scheduled:
2025-10-19 10:00:25,109 - INFO - - Daily backup: 02:00
2025-10-19 10:00:25,109 - INFO - - Hourly health check: Every hour
2025-10-19 10:00:25,109 - INFO - - Weekly maintenance: Sunday 03:00
2025-10-19 10:00:30,028 - INFO - InvGuard Backup Cron Service starting...
2025-10-19 10:00:30,029 - INFO - InvGuard Backup Service initialized
2025-10-19 10:00:30,029 - INFO - Running health check...
2025-10-19 10:00:34,005 - ERROR - Backend API health check error: HTTPConnectionPool(host='backend', port=5000): Max retries exceeded with url: /api/health (Caused by NameResolutionError("<urllib3.connection.HTTPConnection object at 0x79e240462010>: Failed to resolve 'backend' ([Errno -2] Name or service not known)"))
2025-10-19 10:00:39,513 - INFO - InvGuard Backup Cron Service starting...
2025-10-19 10:00:39,514 - INFO - InvGuard Backup Service initialized
2025-10-19 10:00:39,514 - INFO - Running health check...
2025-10-19 10:00:43,472 - ERROR - Backend API health check error: HTTPConnectionPool(host='backend', port=5000): Max retries exceeded with url: /api/health (Caused by NameResolutionError("<urllib3.connection.HTTPConnection object at 0x79e4b8526010>: Failed to resolve 'backend' ([Errno -2] Name or service not known)"))
2025-10-19 10:00:48,922 - INFO - InvGuard Backup Cron Service starting...
2025-10-19 10:00:48,923 - INFO - InvGuard Backup Service initialized
2025-10-19 10:00:48,923 - INFO - Running health check...
2025-10-19 10:00:52,889 - ERROR - Backend API health check error: HTTPConnectionPool(host='backend', port=5000): Max retries exceeded with url: /api/health (Caused by NameResolutionError("<urllib3.connection.HTTPConnection object at 0x730fff6f4dd0>: Failed to resolve 'backend' ([Errno -2] Name or service not known)"))
2025-10-19 10:00:58,333 - INFO - InvGuard Backup Cron Service starting...
2025-10-19 10:00:58,333 - INFO - InvGuard Backup Service initialized
2025-10-19 10:00:58,334 - INFO - Running health check...
2025-10-19 10:01:02,301 - ERROR - Backend API health check error: HTTPConnectionPool(host='backend', port=5000): Max retries exceeded with url: /api/health (Caused by NameResolutionError("<urllib3.connection.HTTPConnection object at 0x7b5dee651050>: Failed to resolve 'backend' ([Errno -2] Name or service not known)"))
2025-10-19 10:01:28,607 - INFO - InvGuard Backup Cron Service starting...
2025-10-19 10:01:28,608 - INFO - InvGuard Backup Service initialized
2025-10-19 10:01:28,609 - INFO - Starting InvGuard Backup Scheduler...
2025-10-19 10:01:28,616 - ERROR - Backend API health check error: HTTPConnectionPool(host='backend', port=5000): Max retries exceeded with url: /api/health (Caused by NewConnectionError('<urllib3.connection.HTTPConnection object at 0x771ef2610950>: Failed to establish a new connection: [Errno 111] Connection refused'))
2025-10-19 10:01:28,616 - INFO - Scheduler started. Jobs scheduled:
2025-10-19 10:01:28,616 - INFO - - Daily backup: 02:00
2025-10-19 10:01:28,617 - INFO - - Hourly health check: Every hour
2025-10-19 10:01:28,617 - INFO - - Weekly maintenance: Sunday 03:00
2025-10-19 10:01:33,718 - INFO - InvGuard Backup Cron Service starting...
2025-10-19 10:01:33,719 - INFO - InvGuard Backup Service initialized
2025-10-19 10:01:33,719 - INFO - Running health check...
2025-10-19 10:01:37,682 - ERROR - Backend API health check error: HTTPConnectionPool(host='backend', port=5000): Max retries exceeded with url: /api/health (Caused by NameResolutionError("<urllib3.connection.HTTPConnection object at 0x786141e8a010>: Failed to resolve 'backend' ([Errno -2] Name or service not known)"))
2025-10-19 10:01:43,231 - INFO - InvGuard Backup Cron Service starting...
2025-10-19 10:01:43,231 - INFO - InvGuard Backup Service initialized
2025-10-19 10:01:43,231 - INFO - Running health check...
2025-10-19 10:01:47,203 - ERROR - Backend API health check error: HTTPConnectionPool(host='backend', port=5000): Max retries exceeded with url: /api/health (Caused by NameResolutionError("<urllib3.connection.HTTPConnection object at 0x76fe6b974b50>: Failed to resolve 'backend' ([Errno -2] Name or service not known)"))
2025-10-19 10:01:52,677 - INFO - InvGuard Backup Cron Service starting...
2025-10-19 10:01:52,678 - INFO - InvGuard Backup Service initialized
2025-10-19 10:01:52,678 - INFO - Running health check...
2025-10-19 10:01:56,667 - ERROR - Backend API health check error: HTTPConnectionPool(host='backend', port=5000): Max retries exceeded with url: /api/health (Caused by NameResolutionError("<urllib3.connection.HTTPConnection object at 0x73ad364e0b50>: Failed to resolve 'backend' ([Errno -2] Name or service not known)"))
2025-10-19 10:02:02,108 - INFO - InvGuard Backup Cron Service starting...
2025-10-19 10:02:02,109 - INFO - InvGuard Backup Service initialized
2025-10-19 10:02:02,109 - INFO - Running health check...
2025-10-19 10:02:06,115 - ERROR - Backend API health check error: HTTPConnectionPool(host='backend', port=5000): Max retries exceeded with url: /api/health (Caused by NameResolutionError("<urllib3.connection.HTTPConnection object at 0x780030b64b50>: Failed to resolve 'backend' ([Errno -2] Name or service not known)"))
2025-10-19 10:03:18,039 - INFO - InvGuard Backup Cron Service starting...
2025-10-19 10:03:18,040 - INFO - InvGuard Backup Service initialized
2025-10-19 10:03:18,040 - INFO - Starting InvGuard Backup Scheduler...
2025-10-19 10:03:18,046 - ERROR - Backend API health check error: HTTPConnectionPool(host='backend', port=5000): Max retries exceeded with url: /api/health (Caused by NewConnectionError('<urllib3.connection.HTTPConnection object at 0x75f4ae8f4750>: Failed to establish a new connection: [Errno 111] Connection refused'))
2025-10-19 10:03:18,047 - INFO - Scheduler started. Jobs scheduled:
2025-10-19 10:03:18,047 - INFO - - Daily backup: 02:00
2025-10-19 10:03:18,047 - INFO - - Hourly health check: Every hour
2025-10-19 10:03:18,048 - INFO - - Weekly maintenance: Sunday 03:00
2025-10-19 10:03:23,118 - INFO - InvGuard Backup Cron Service starting...
2025-10-19 10:03:23,119 - INFO - InvGuard Backup Service initialized
2025-10-19 10:03:23,119 - INFO - Running health check...
2025-10-19 10:03:27,125 - ERROR - Backend API health check error: HTTPConnectionPool(host='backend', port=5000): Max retries exceeded with url: /api/health (Caused by NameResolutionError("<urllib3.connection.HTTPConnection object at 0x79a380f34b50>: Failed to resolve 'backend' ([Errno -2] Name or service not known)"))
2025-10-19 10:03:32,648 - INFO - InvGuard Backup Cron Service starting...
2025-10-19 10:03:32,649 - INFO - InvGuard Backup Service initialized
2025-10-19 10:03:32,649 - INFO - Running health check...
2025-10-19 10:03:36,604 - ERROR - Backend API health check error: HTTPConnectionPool(host='backend', port=5000): Max retries exceeded with url: /api/health (Caused by NameResolutionError("<urllib3.connection.HTTPConnection object at 0x7bc15fcba010>: Failed to resolve 'backend' ([Errno -2] Name or service not known)"))
2025-10-19 10:03:42,040 - INFO - InvGuard Backup Cron Service starting...
2025-10-19 10:03:42,041 - INFO - InvGuard Backup Service initialized
2025-10-19 10:03:42,041 - INFO - Running health check...
2025-10-19 10:03:46,005 - ERROR - Backend API health check error: HTTPConnectionPool(host='backend', port=5000): Max retries exceeded with url: /api/health (Caused by NameResolutionError("<urllib3.connection.HTTPConnection object at 0x7eb046ebe010>: Failed to resolve 'backend' ([Errno -2] Name or service not known)"))
2025-10-19 10:03:51,528 - INFO - InvGuard Backup Cron Service starting...
2025-10-19 10:03:51,529 - INFO - InvGuard Backup Service initialized
2025-10-19 10:03:51,529 - INFO - Running health check...
2025-10-19 10:03:55,535 - ERROR - Backend API health check error: HTTPConnectionPool(host='backend', port=5000): Max retries exceeded with url: /api/health (Caused by NameResolutionError("<urllib3.connection.HTTPConnection object at 0x7c200ff16010>: Failed to resolve 'backend' ([Errno -5] No address associated with hostname)"))
2025-10-19 10:08:55,969 - INFO - InvGuard Backup Cron Service starting...
2025-10-19 10:08:55,970 - INFO - InvGuard Backup Service initialized
2025-10-19 10:08:55,971 - INFO - Running health check...
2025-10-19 10:08:59,957 - ERROR - Backend API health check error: HTTPConnectionPool(host='backend', port=5000): Max retries exceeded with url: /api/health (Caused by NameResolutionError("<urllib3.connection.HTTPConnection object at 0x714f351fcdd0>: Failed to resolve 'backend' ([Errno -2] Name or service not known)"))
2025-10-19 10:12:11,053 - INFO - InvGuard Backup Cron Service starting...
2025-10-19 10:12:11,053 - INFO - InvGuard Backup Service initialized
2025-10-19 10:12:11,054 - INFO - Starting InvGuard Backup Scheduler...
2025-10-19 10:12:11,060 - ERROR - Backend API health check error: HTTPConnectionPool(host='backend', port=5000): Max retries exceeded with url: /api/health (Caused by NewConnectionError('<urllib3.connection.HTTPConnection object at 0x717cfdb00950>: Failed to establish a new connection: [Errno 111] Connection refused'))
2025-10-19 10:12:11,060 - INFO - Scheduler started. Jobs scheduled:
2025-10-19 10:12:11,060 - INFO - - Daily backup: 02:00
2025-10-19 10:12:11,060 - INFO - - Hourly health check: Every hour
2025-10-19 10:12:11,061 - INFO - - Weekly maintenance: Sunday 03:00
2025-10-19 10:12:16,099 - INFO - InvGuard Backup Cron Service starting...
2025-10-19 10:12:16,100 - INFO - InvGuard Backup Service initialized
2025-10-19 10:12:16,101 - INFO - Running health check...
2025-10-19 10:12:20,085 - ERROR - Backend API health check error: HTTPConnectionPool(host='backend', port=5000): Max retries exceeded with url: /api/health (Caused by NameResolutionError("<urllib3.connection.HTTPConnection object at 0x7ae5d14d6010>: Failed to resolve 'backend' ([Errno -2] Name or service not known)"))
2025-10-19 10:12:25,615 - INFO - InvGuard Backup Cron Service starting...
2025-10-19 10:12:25,616 - INFO - InvGuard Backup Service initialized
2025-10-19 10:12:25,616 - INFO - Running health check...
2025-10-19 10:12:29,607 - ERROR - Backend API health check error: HTTPConnectionPool(host='backend', port=5000): Max retries exceeded with url: /api/health (Caused by NameResolutionError("<urllib3.connection.HTTPConnection object at 0x763bede64dd0>: Failed to resolve 'backend' ([Errno -2] Name or service not known)"))
2025-10-19 10:12:35,138 - INFO - InvGuard Backup Cron Service starting...
2025-10-19 10:12:35,140 - INFO - InvGuard Backup Service initialized
2025-10-19 10:12:35,141 - INFO - Running health check...
2025-10-19 10:12:39,123 - ERROR - Backend API health check error: HTTPConnectionPool(host='backend', port=5000): Max retries exceeded with url: /api/health (Caused by NameResolutionError("<urllib3.connection.HTTPConnection object at 0x755b1f9d0b50>: Failed to resolve 'backend' ([Errno -2] Name or service not known)"))
2025-10-19 10:12:44,677 - INFO - InvGuard Backup Cron Service starting...
2025-10-19 10:12:44,678 - INFO - InvGuard Backup Service initialized
2025-10-19 10:12:44,678 - INFO - Running health check...
2025-10-19 10:12:48,638 - ERROR - Backend API health check error: HTTPConnectionPool(host='backend', port=5000): Max retries exceeded with url: /api/health (Caused by NameResolutionError("<urllib3.connection.HTTPConnection object at 0x7a7de13ad050>: Failed to resolve 'backend' ([Errno -2] Name or service not known)"))
2025-10-19 10:15:55,991 - INFO - InvGuard Backup Cron Service starting...
2025-10-19 10:15:55,992 - INFO - InvGuard Backup Service initialized
2025-10-19 10:15:55,992 - INFO - Starting InvGuard Backup Scheduler...
2025-10-19 10:15:55,999 - ERROR - Backend API health check error: HTTPConnectionPool(host='backend', port=5000): Max retries exceeded with url: /api/health (Caused by NewConnectionError('<urllib3.connection.HTTPConnection object at 0x73477f23a5d0>: Failed to establish a new connection: [Errno 111] Connection refused'))
2025-10-19 10:15:56,000 - INFO - Scheduler started. Jobs scheduled:
2025-10-19 10:15:56,000 - INFO - - Daily backup: 02:00
2025-10-19 10:15:56,000 - INFO - - Hourly health check: Every hour
2025-10-19 10:15:56,001 - INFO - - Weekly maintenance: Sunday 03:00
2025-10-19 10:16:00,744 - INFO - InvGuard Backup Cron Service starting...
2025-10-19 10:16:00,745 - INFO - InvGuard Backup Service initialized
2025-10-19 10:16:00,745 - INFO - Running health check...
2025-10-19 10:16:04,719 - ERROR - Backend API health check error: HTTPConnectionPool(host='backend', port=5000): Max retries exceeded with url: /api/health (Caused by NameResolutionError("<urllib3.connection.HTTPConnection object at 0x71c84ff34b50>: Failed to resolve 'backend' ([Errno -2] Name or service not known)"))
2025-10-19 10:16:10,167 - INFO - InvGuard Backup Cron Service starting...
2025-10-19 10:16:10,168 - INFO - InvGuard Backup Service initialized
2025-10-19 10:16:10,168 - INFO - Running health check...
2025-10-19 10:16:14,161 - ERROR - Backend API health check error: HTTPConnectionPool(host='backend', port=5000): Max retries exceeded with url: /api/health (Caused by NameResolutionError("<urllib3.connection.HTTPConnection object at 0x7f8e86ea1050>: Failed to resolve 'backend' ([Errno -2] Name or service not known)"))
2025-10-19 10:16:19,574 - INFO - InvGuard Backup Cron Service starting...
2025-10-19 10:16:19,575 - INFO - InvGuard Backup Service initialized
2025-10-19 10:16:19,575 - INFO - Running health check...
2025-10-19 10:16:23,545 - ERROR - Backend API health check error: HTTPConnectionPool(host='backend', port=5000): Max retries exceeded with url: /api/health (Caused by NameResolutionError("<urllib3.connection.HTTPConnection object at 0x7810e8578b50>: Failed to resolve 'backend' ([Errno -2] Name or service not known)"))
2025-10-19 10:16:29,007 - INFO - InvGuard Backup Cron Service starting...
2025-10-19 10:16:29,008 - INFO - InvGuard Backup Service initialized
2025-10-19 10:16:29,008 - INFO - Running health check...
2025-10-19 10:16:33,008 - ERROR - Backend API health check error: HTTPConnectionPool(host='backend', port=5000): Max retries exceeded with url: /api/health (Caused by NameResolutionError("<urllib3.connection.HTTPConnection object at 0x7e92687aa010>: Failed to resolve 'backend' ([Errno -2] Name or service not known)"))
2025-10-19 10:21:33,490 - INFO - InvGuard Backup Cron Service starting...
2025-10-19 10:21:33,500 - INFO - InvGuard Backup Service initialized
2025-10-19 10:21:33,500 - INFO - Running health check...
2025-10-19 10:21:33,506 - INFO - Backend API health check passed
2025-10-19 10:26:34,260 - INFO - InvGuard Backup Cron Service starting...
2025-10-19 10:26:34,261 - INFO - InvGuard Backup Service initialized
2025-10-19 10:26:34,261 - INFO - Running health check...
2025-10-19 10:26:34,270 - INFO - Backend API health check passed
2025-10-19 10:31:34,731 - INFO - InvGuard Backup Cron Service starting...
2025-10-19 10:31:34,732 - INFO - InvGuard Backup Service initialized
2025-10-19 10:31:34,732 - INFO - Running health check...
2025-10-19 10:31:34,744 - INFO - Backend API health check passed
2025-10-19 10:36:35,201 - INFO - InvGuard Backup Cron Service starting...
2025-10-19 10:36:35,202 - INFO - InvGuard Backup Service initialized
2025-10-19 10:36:35,202 - INFO - Running health check...
2025-10-19 10:36:35,211 - INFO - Backend API health check passed
2025-10-19 10:41:35,633 - INFO - InvGuard Backup Cron Service starting...
2025-10-19 10:41:35,633 - INFO - InvGuard Backup Service initialized
2025-10-19 10:41:35,634 - INFO - Running health check...
2025-10-19 10:41:35,641 - INFO - Backend API health check passed
2025-10-19 10:46:36,081 - INFO - InvGuard Backup Cron Service starting...
2025-10-19 10:46:36,082 - INFO - InvGuard Backup Service initialized
2025-10-19 10:46:36,082 - INFO - Running health check...
2025-10-19 10:46:36,090 - INFO - Backend API health check passed
2025-10-19 10:51:36,864 - INFO - InvGuard Backup Cron Service starting...
2025-10-19 10:51:36,865 - INFO - InvGuard Backup Service initialized
2025-10-19 10:51:36,865 - INFO - Running health check...
2025-10-19 10:51:36,876 - INFO - Backend API health check passed
2025-10-19 10:56:37,402 - INFO - InvGuard Backup Cron Service starting...
2025-10-19 10:56:37,403 - INFO - InvGuard Backup Service initialized
2025-10-19 10:56:37,403 - INFO - Running health check...
2025-10-19 10:56:37,412 - INFO - Backend API health check passed
2025-10-19 11:01:37,877 - INFO - InvGuard Backup Cron Service starting...
2025-10-19 11:01:37,878 - INFO - InvGuard Backup Service initialized
2025-10-19 11:01:37,878 - INFO - Running health check...
2025-10-19 11:01:37,886 - INFO - Backend API health check passed
2025-10-19 11:06:38,548 - INFO - InvGuard Backup Cron Service starting...
2025-10-19 11:06:38,549 - INFO - InvGuard Backup Service initialized
2025-10-19 11:06:38,549 - INFO - Running health check...
2025-10-19 11:06:38,560 - INFO - Backend API health check passed
2025-10-19 11:11:38,975 - INFO - InvGuard Backup Cron Service starting...
2025-10-19 11:11:38,976 - INFO - InvGuard Backup Service initialized
2025-10-19 11:11:38,976 - INFO - Running health check...
2025-10-19 11:11:38,983 - INFO - Backend API health check passed
2025-10-19 18:11:01,751 - INFO - InvGuard Backup Cron Service starting...
2025-10-19 18:11:01,752 - INFO - InvGuard Backup Service initialized
2025-10-19 18:11:01,752 - INFO - Starting InvGuard Backup Scheduler...
2025-10-19 18:11:01,758 - ERROR - Backend API health check error: HTTPConnectionPool(host='backend', port=5000): Max retries exceeded with url: /api/health (Caused by NewConnectionError('<urllib3.connection.HTTPConnection object at 0x71078c058750>: Failed to establish a new connection: [Errno 111] Connection refused'))
2025-10-19 18:11:01,759 - INFO - Scheduler started. Jobs scheduled:
2025-10-19 18:11:01,759 - INFO - - Daily backup: 02:00
2025-10-19 18:11:01,759 - INFO - - Hourly health check: Every hour
2025-10-19 18:11:01,760 - INFO - - Weekly maintenance: Sunday 03:00
2025-10-19 18:11:06,812 - INFO - InvGuard Backup Cron Service starting...
2025-10-19 18:11:06,813 - INFO - InvGuard Backup Service initialized
2025-10-19 18:11:06,813 - INFO - Running health check...
2025-10-19 18:11:06,821 - INFO - Backend API health check passed
2025-10-19 18:16:07,221 - INFO - InvGuard Backup Cron Service starting...
2025-10-19 18:16:07,221 - INFO - InvGuard Backup Service initialized
2025-10-19 18:16:07,222 - INFO - Running health check...
2025-10-19 18:16:07,228 - INFO - Backend API health check passed
2025-10-19 18:27:39,984 - INFO - InvGuard Backup Cron Service starting...
2025-10-19 18:27:39,986 - INFO - InvGuard Backup Service initialized
2025-10-19 18:27:39,986 - INFO - Starting InvGuard Backup Scheduler...
2025-10-19 18:27:39,993 - ERROR - Backend API health check error: HTTPConnectionPool(host='backend', port=5000): Max retries exceeded with url: /api/health (Caused by NewConnectionError('<urllib3.connection.HTTPConnection object at 0x7a90ec1525d0>: Failed to establish a new connection: [Errno 111] Connection refused'))
2025-10-19 18:27:39,993 - INFO - Scheduler started. Jobs scheduled:
2025-10-19 18:27:39,994 - INFO - - Daily backup: 02:00
2025-10-19 18:27:39,994 - INFO - - Hourly health check: Every hour
2025-10-19 18:27:39,994 - INFO - - Weekly maintenance: Sunday 03:00
2025-10-19 18:27:45,061 - INFO - InvGuard Backup Cron Service starting...
2025-10-19 18:27:45,062 - INFO - InvGuard Backup Service initialized
2025-10-19 18:27:45,062 - INFO - Running health check...
2025-10-19 18:27:45,068 - INFO - Backend API health check passed
2025-10-19 18:32:45,500 - INFO - InvGuard Backup Cron Service starting...
2025-10-19 18:32:45,500 - INFO - InvGuard Backup Service initialized
2025-10-19 18:32:45,501 - INFO - Running health check...
2025-10-19 18:32:45,508 - INFO - Backend API health check passed
2025-10-19 18:37:46,177 - INFO - InvGuard Backup Cron Service starting...
2025-10-19 18:37:46,178 - INFO - InvGuard Backup Service initialized
2025-10-19 18:37:46,178 - INFO - Running health check...
2025-10-19 18:37:46,189 - INFO - Backend API health check passed
2025-10-19 18:42:46,742 - INFO - InvGuard Backup Cron Service starting...
2025-10-19 18:42:46,743 - INFO - InvGuard Backup Service initialized
2025-10-19 18:42:46,744 - INFO - Running health check...
2025-10-19 18:42:46,751 - INFO - Backend API health check passed
2025-10-19 18:47:47,124 - INFO - InvGuard Backup Cron Service starting...
2025-10-19 18:47:47,125 - INFO - InvGuard Backup Service initialized
2025-10-19 18:47:47,125 - INFO - Running health check...
2025-10-19 18:47:47,132 - INFO - Backend API health check passed
2025-10-19 18:52:47,508 - INFO - InvGuard Backup Cron Service starting...
2025-10-19 18:52:47,508 - INFO - InvGuard Backup Service initialized
2025-10-19 18:52:47,509 - INFO - Running health check...
2025-10-19 18:52:47,516 - INFO - Backend API health check passed
2025-10-24 08:02:41,391 - INFO - InvGuard Backup Cron Service starting...
2025-10-24 08:02:41,393 - INFO - InvGuard Backup Service initialized
2025-10-24 08:02:41,393 - INFO - Starting InvGuard Backup Scheduler...
2025-10-24 08:02:45,402 - ERROR - Backend API health check error: HTTPConnectionPool(host='backend', port=5000): Max retries exceeded with url: /api/health (Caused by NameResolutionError("<urllib3.connection.HTTPConnection object at 0x7715daf70950>: Failed to resolve 'backend' ([Errno -2] Name or service not known)"))
2025-10-24 08:02:45,402 - INFO - Scheduler started. Jobs scheduled:
2025-10-24 08:02:45,402 - INFO - - Daily backup: 02:00
2025-10-24 08:02:45,403 - INFO - - Hourly health check: Every hour
2025-10-24 08:02:45,403 - INFO - - Weekly maintenance: Sunday 03:00
2025-10-24 08:02:45,993 - INFO - InvGuard Backup Cron Service starting...
2025-10-24 08:02:45,994 - INFO - InvGuard Backup Service initialized
2025-10-24 08:02:45,994 - INFO - Running health check...
2025-10-24 08:02:49,836 - ERROR - Backend API health check error: HTTPConnectionPool(host='backend', port=5000): Max retries exceeded with url: /api/health (Caused by NameResolutionError("<urllib3.connection.HTTPConnection object at 0x75b477e64dd0>: Failed to resolve 'backend' ([Errno -2] Name or service not known)"))
2025-10-24 08:02:55,310 - INFO - InvGuard Backup Cron Service starting...
2025-10-24 08:02:55,311 - INFO - InvGuard Backup Service initialized
2025-10-24 08:02:55,312 - INFO - Running health check...
2025-10-24 08:02:59,312 - ERROR - Backend API health check error: HTTPConnectionPool(host='backend', port=5000): Max retries exceeded with url: /api/health (Caused by NameResolutionError("<urllib3.connection.HTTPConnection object at 0x710e3aa10dd0>: Failed to resolve 'backend' ([Errno -2] Name or service not known)"))
2025-10-24 08:03:05,022 - INFO - InvGuard Backup Cron Service starting...
2025-10-24 08:03:05,023 - INFO - InvGuard Backup Service initialized
2025-10-24 08:03:05,023 - INFO - Running health check...
2025-10-24 08:03:09,002 - ERROR - Backend API health check error: HTTPConnectionPool(host='backend', port=5000): Max retries exceeded with url: /api/health (Caused by NameResolutionError("<urllib3.connection.HTTPConnection object at 0x7d2d99794b50>: Failed to resolve 'backend' ([Errno -2] Name or service not known)"))
2025-10-24 08:03:14,490 - INFO - InvGuard Backup Cron Service starting...
2025-10-24 08:03:14,490 - INFO - InvGuard Backup Service initialized
2025-10-24 08:03:14,491 - INFO - Running health check...
2025-10-24 08:03:18,483 - ERROR - Backend API health check error: HTTPConnectionPool(host='backend', port=5000): Max retries exceeded with url: /api/health (Caused by NameResolutionError("<urllib3.connection.HTTPConnection object at 0x7cdd37f30dd0>: Failed to resolve 'backend' ([Errno -2] Name or service not known)"))
2025-10-24 08:05:36,139 - INFO - InvGuard Backup Cron Service starting...
2025-10-24 08:05:36,140 - INFO - InvGuard Backup Service initialized
2025-10-24 08:05:36,140 - INFO - Starting InvGuard Backup Scheduler...
2025-10-24 08:05:36,147 - ERROR - Backend API health check error: HTTPConnectionPool(host='backend', port=5000): Max retries exceeded with url: /api/health (Caused by NewConnectionError('<urllib3.connection.HTTPConnection object at 0x792414f40610>: Failed to establish a new connection: [Errno 111] Connection refused'))
2025-10-24 08:05:36,147 - INFO - Scheduler started. Jobs scheduled:
2025-10-24 08:05:36,147 - INFO - - Daily backup: 02:00
2025-10-24 08:05:36,148 - INFO - - Hourly health check: Every hour
2025-10-24 08:05:36,148 - INFO - - Weekly maintenance: Sunday 03:00
2025-10-24 08:05:41,203 - INFO - InvGuard Backup Cron Service starting...
2025-10-24 08:05:41,204 - INFO - InvGuard Backup Service initialized
2025-10-24 08:05:41,204 - INFO - Running health check...
2025-10-24 08:05:41,212 - INFO - Backend API health check passed
2025-10-24 08:10:41,587 - INFO - InvGuard Backup Cron Service starting...
2025-10-24 08:10:41,588 - INFO - InvGuard Backup Service initialized
2025-10-24 08:10:41,588 - INFO - Running health check...
2025-10-24 08:10:41,604 - INFO - Backend API health check passed
2025-10-24 08:15:42,225 - INFO - InvGuard Backup Cron Service starting...
2025-10-24 08:15:42,226 - INFO - InvGuard Backup Service initialized
2025-10-24 08:15:42,227 - INFO - Running health check...
2025-10-24 08:15:42,236 - INFO - Backend API health check passed
2025-10-24 08:20:42,643 - INFO - InvGuard Backup Cron Service starting...
2025-10-24 08:20:42,644 - INFO - InvGuard Backup Service initialized
2025-10-24 08:20:42,644 - INFO - Running health check...
2025-10-24 08:20:42,653 - INFO - Backend API health check passed
2025-10-24 08:25:43,096 - INFO - InvGuard Backup Cron Service starting...
2025-10-24 08:25:43,097 - INFO - InvGuard Backup Service initialized
2025-10-24 08:25:43,098 - INFO - Running health check...
2025-10-24 08:25:43,113 - INFO - Backend API health check passed
2025-10-24 08:30:43,515 - INFO - InvGuard Backup Cron Service starting...
2025-10-24 08:30:43,516 - INFO - InvGuard Backup Service initialized
2025-10-24 08:30:43,516 - INFO - Running health check...
2025-10-24 08:30:43,523 - INFO - Backend API health check passed
